#-----------------------------------------------------------
# Vivado v2020.2 (64-bit)
# SW Build 3064766 on Wed Nov 18 09:12:45 MST 2020
# IP Build 3064653 on Wed Nov 18 14:17:31 MST 2020
# Start of session at: Tue Mar 30 18:31:12 2021
# Process ID: 27704
# Current directory: C:/Documents/Adam-Hora/Digital-electronics-1/Labs/07-ffs/flip_flops/flip_flops.sim/sim_1/behav/xsim
# Command line: vivado.exe -gui_launcher_event rodinguilauncherevent7248 C:\Documents\Adam-Hora\Digital-electronics-1\Labs\07-ffs\flip_flops\flip_flops.sim\sim_1\behav\xsim\tb_d_latch_behav.wdb
# Log file: C:/Documents/Adam-Hora/Digital-electronics-1/Labs/07-ffs/flip_flops/flip_flops.sim/sim_1/behav/xsim/vivado.log
# Journal file: C:/Documents/Adam-Hora/Digital-electronics-1/Labs/07-ffs/flip_flops/flip_flops.sim/sim_1/behav/xsim\vivado.jou
#-----------------------------------------------------------
start_gui
open_wave_database {C:\Documents\Adam-Hora\Digital-electronics-1\Labs\07-ffs\flip_flops\flip_flops.sim\sim_1\behav\xsim\tb_d_latch_behav.wdb}
INFO: [IP_Flow 19-234] Refreshing IP repositories
INFO: [IP_Flow 19-1704] No user IP repositories specified
INFO: [IP_Flow 19-2313] Loaded Vivado IP repository 'C:/APPZ/Vivado/2020.2/data/ip'.
close_sim
INFO: [Simtcl 6-16] Simulation closed
exit
INFO: [Common 17-206] Exiting Vivado at Tue Mar 30 18:33:07 2021...
