#-----------------------------------------------------------
# Vivado v2020.2 (64-bit)
# SW Build 3064766 on Wed Nov 18 09:12:45 MST 2020
# IP Build 3064653 on Wed Nov 18 14:17:31 MST 2020
# Start of session at: Tue Mar 30 18:33:14 2021
# Process ID: 10436
# Current directory: C:/Documents/Adam-Hora/Digital-electronics-1/Labs/07-ffs/flip_flops
# Command line: vivado.exe -gui_launcher_event rodinguilauncherevent17572 C:\Documents\Adam-Hora\Digital-electronics-1\Labs\07-ffs\flip_flops\flip_flops.xpr
# Log file: C:/Documents/Adam-Hora/Digital-electronics-1/Labs/07-ffs/flip_flops/vivado.log
# Journal file: C:/Documents/Adam-Hora/Digital-electronics-1/Labs/07-ffs/flip_flops\vivado.jou
#-----------------------------------------------------------
start_gui
open_project C:/Documents/Adam-Hora/Digital-electronics-1/Labs/07-ffs/flip_flops/flip_flops.xpr
INFO: [Project 1-313] Project file moved from 'C:/Users/admin/Documents/Digital-electronics-1/Labs/07-ffs/flip_flops' since last save.
WARNING: [filemgmt 56-2] Board Part Repository Path: Could not find the directory 'C:/Documents/AppData/Roaming/Xilinx/Vivado/2020.2/xhub/board_store/xilinx_board_store', nor could it be found using path 'C:/Users/admin/AppData/Roaming/Xilinx/Vivado/2020.2/xhub/board_store/xilinx_board_store'.
WARNING: [filemgmt 56-2] Default IP Output Path : Could not find the directory 'C:/Documents/Adam-Hora/Digital-electronics-1/Labs/07-ffs/flip_flops/flip_flops.gen/sources_1', nor could it be found using path 'C:/Users/admin/Documents/Digital-electronics-1/Labs/07-ffs/flip_flops/flip_flops.gen/sources_1'.
Scanning sources...
Finished scanning sources
INFO: [IP_Flow 19-234] Refreshing IP repositories
INFO: [IP_Flow 19-1704] No user IP repositories specified
INFO: [IP_Flow 19-2313] Loaded Vivado IP repository 'C:/APPZ/Vivado/2020.2/data/ip'.
update_compile_order -fileset sources_1
set_property top d_latch [current_fileset]
update_compile_order -fileset sources_1
launch_simulation
Command: launch_simulation 
INFO: [Vivado 12-5682] Launching behavioral simulation in 'C:/Documents/Adam-Hora/Digital-electronics-1/Labs/07-ffs/flip_flops/flip_flops.sim/sim_1/behav/xsim'
INFO: [SIM-utils-51] Simulation object is 'sim_1'
INFO: [SIM-utils-54] Inspecting design source files for 'tb_jk_ff_rst' in fileset 'sim_1'...
INFO: [USF-XSim-97] Finding global include files...
INFO: [USF-XSim-98] Fetching design files from 'sim_1'...
INFO: [USF-XSim-2] XSim::Compile design
INFO: [USF-XSim-61] Executing 'COMPILE and ANALYZE' step in 'C:/Documents/Adam-Hora/Digital-electronics-1/Labs/07-ffs/flip_flops/flip_flops.sim/sim_1/behav/xsim'
"xvhdl --incr --relax -prj tb_jk_ff_rst_vhdl.prj"
INFO: [VRFC 10-163] Analyzing VHDL file "C:/Documents/Adam-Hora/Digital-electronics-1/Labs/07-ffs/flip_flops/flip_flops.srcs/sources_1/new/jk_ff_rst.vhd" into library xil_defaultlib
INFO: [VRFC 10-3107] analyzing entity 'jk_ff_rst'
INFO: [VRFC 10-163] Analyzing VHDL file "C:/Documents/Adam-Hora/Digital-electronics-1/Labs/07-ffs/flip_flops/flip_flops.srcs/sim_1/new/tb_jk_ff_rst.vhd" into library xil_defaultlib
INFO: [VRFC 10-3107] analyzing entity 'tb_jk_ff_rst'
INFO: [USF-XSim-69] 'compile' step finished in '1' seconds
INFO: [USF-XSim-3] XSim::Elaborate design
INFO: [USF-XSim-61] Executing 'ELABORATE' step in 'C:/Documents/Adam-Hora/Digital-electronics-1/Labs/07-ffs/flip_flops/flip_flops.sim/sim_1/behav/xsim'
"xelab -wto bfde13878d56415f81802904be5958c9 --incr --debug typical --relax --mt 2 -L xil_defaultlib -L secureip --snapshot tb_jk_ff_rst_behav xil_defaultlib.tb_jk_ff_rst -log elaborate.log"
Vivado Simulator 2020.2
Copyright 1986-1999, 2001-2020 Xilinx, Inc. All Rights Reserved.
Running: C:/APPZ/Vivado/2020.2/bin/unwrapped/win64.o/xelab.exe -wto bfde13878d56415f81802904be5958c9 --incr --debug typical --relax --mt 2 -L xil_defaultlib -L secureip --snapshot tb_jk_ff_rst_behav xil_defaultlib.tb_jk_ff_rst -log elaborate.log 
Using 2 slave threads.
Starting static elaboration
Completed static elaboration
Starting simulation data flow analysis
Completed simulation data flow analysis
Time Resolution for simulation is 1ps
Compiling package std.standard
Compiling package std.textio
Compiling package ieee.std_logic_1164
Compiling architecture behavioral of entity xil_defaultlib.jk_ff_rst [jk_ff_rst_default]
Compiling architecture behavioral of entity xil_defaultlib.tb_jk_ff_rst
Built simulation snapshot tb_jk_ff_rst_behav
INFO: [USF-XSim-69] 'elaborate' step finished in '3' seconds
INFO: [USF-XSim-4] XSim::Simulate design
INFO: [USF-XSim-61] Executing 'SIMULATE' step in 'C:/Documents/Adam-Hora/Digital-electronics-1/Labs/07-ffs/flip_flops/flip_flops.sim/sim_1/behav/xsim'
INFO: [USF-XSim-98] *** Running xsim
   with args "tb_jk_ff_rst_behav -key {Behavioral:sim_1:Functional:tb_jk_ff_rst} -tclbatch {tb_jk_ff_rst.tcl} -log {simulate.log}"
INFO: [USF-XSim-8] Loading simulator feature
Vivado Simulator 2020.2
Time resolution is 1 ps
source tb_jk_ff_rst.tcl
# set curr_wave [current_wave_config]
# if { [string length $curr_wave] == 0 } {
#   if { [llength [get_objects]] > 0} {
#     add_wave /
#     set_property needs_save false [current_wave_config]
#   } else {
#      send_msg_id Add_Wave-1 WARNING "No top level signals found. Simulator will start without a wave window. If you want to open a wave window go to 'File->New Waveform Configuration' or type 'create_wave_config' in the TCL console."
#   }
# }
# run 300ns
Note: Stimulus process started
Time: 0 ps  Iteration: 0  Process: /tb_jk_ff_rst/p_stimulus  File: C:/Documents/Adam-Hora/Digital-electronics-1/Labs/07-ffs/flip_flops/flip_flops.srcs/sim_1/new/tb_jk_ff_rst.vhd
Note: Stimulus process finished
Time: 170 ns  Iteration: 0  Process: /tb_jk_ff_rst/p_stimulus  File: C:/Documents/Adam-Hora/Digital-electronics-1/Labs/07-ffs/flip_flops/flip_flops.srcs/sim_1/new/tb_jk_ff_rst.vhd
INFO: [USF-XSim-96] XSim completed. Design snapshot 'tb_jk_ff_rst_behav' loaded.
INFO: [USF-XSim-97] XSim simulation ran for 300ns
launch_simulation: Time (s): cpu = 00:00:08 ; elapsed = 00:00:08 . Memory (MB): peak = 1007.812 ; gain = 0.000
close_sim
INFO: [Simtcl 6-16] Simulation closed
launch_simulation
Command: launch_simulation 
INFO: [Vivado 12-5682] Launching behavioral simulation in 'C:/Documents/Adam-Hora/Digital-electronics-1/Labs/07-ffs/flip_flops/flip_flops.sim/sim_1/behav/xsim'
INFO: [SIM-utils-51] Simulation object is 'sim_1'
INFO: [SIM-utils-54] Inspecting design source files for 'tb_jk_ff_rst' in fileset 'sim_1'...
INFO: [USF-XSim-97] Finding global include files...
INFO: [USF-XSim-98] Fetching design files from 'sim_1'...
INFO: [USF-XSim-2] XSim::Compile design
INFO: [USF-XSim-61] Executing 'COMPILE and ANALYZE' step in 'C:/Documents/Adam-Hora/Digital-electronics-1/Labs/07-ffs/flip_flops/flip_flops.sim/sim_1/behav/xsim'
"xvhdl --incr --relax -prj tb_jk_ff_rst_vhdl.prj"
INFO: [USF-XSim-69] 'compile' step finished in '2' seconds
INFO: [USF-XSim-3] XSim::Elaborate design
INFO: [USF-XSim-61] Executing 'ELABORATE' step in 'C:/Documents/Adam-Hora/Digital-electronics-1/Labs/07-ffs/flip_flops/flip_flops.sim/sim_1/behav/xsim'
"xelab -wto bfde13878d56415f81802904be5958c9 --incr --debug typical --relax --mt 2 -L xil_defaultlib -L secureip --snapshot tb_jk_ff_rst_behav xil_defaultlib.tb_jk_ff_rst -log elaborate.log"
Vivado Simulator 2020.2
Copyright 1986-1999, 2001-2020 Xilinx, Inc. All Rights Reserved.
Running: C:/APPZ/Vivado/2020.2/bin/unwrapped/win64.o/xelab.exe -wto bfde13878d56415f81802904be5958c9 --incr --debug typical --relax --mt 2 -L xil_defaultlib -L secureip --snapshot tb_jk_ff_rst_behav xil_defaultlib.tb_jk_ff_rst -log elaborate.log 
Using 2 slave threads.
Starting static elaboration
Completed static elaboration
INFO: [XSIM 43-4323] No Change in HDL. Linking previously generated obj files to create kernel
INFO: [USF-XSim-69] 'elaborate' step finished in '1' seconds
INFO: [USF-XSim-4] XSim::Simulate design
INFO: [USF-XSim-61] Executing 'SIMULATE' step in 'C:/Documents/Adam-Hora/Digital-electronics-1/Labs/07-ffs/flip_flops/flip_flops.sim/sim_1/behav/xsim'
INFO: [USF-XSim-98] *** Running xsim
   with args "tb_jk_ff_rst_behav -key {Behavioral:sim_1:Functional:tb_jk_ff_rst} -tclbatch {tb_jk_ff_rst.tcl} -log {simulate.log}"
INFO: [USF-XSim-8] Loading simulator feature
Vivado Simulator 2020.2
Time resolution is 1 ps
source tb_jk_ff_rst.tcl
# set curr_wave [current_wave_config]
# if { [string length $curr_wave] == 0 } {
#   if { [llength [get_objects]] > 0} {
#     add_wave /
#     set_property needs_save false [current_wave_config]
#   } else {
#      send_msg_id Add_Wave-1 WARNING "No top level signals found. Simulator will start without a wave window. If you want to open a wave window go to 'File->New Waveform Configuration' or type 'create_wave_config' in the TCL console."
#   }
# }
# run 300ns
Note: Stimulus process started
Time: 0 ps  Iteration: 0  Process: /tb_jk_ff_rst/p_stimulus  File: C:/Documents/Adam-Hora/Digital-electronics-1/Labs/07-ffs/flip_flops/flip_flops.srcs/sim_1/new/tb_jk_ff_rst.vhd
Note: Stimulus process finished
Time: 170 ns  Iteration: 0  Process: /tb_jk_ff_rst/p_stimulus  File: C:/Documents/Adam-Hora/Digital-electronics-1/Labs/07-ffs/flip_flops/flip_flops.srcs/sim_1/new/tb_jk_ff_rst.vhd
INFO: [USF-XSim-96] XSim completed. Design snapshot 'tb_jk_ff_rst_behav' loaded.
INFO: [USF-XSim-97] XSim simulation ran for 300ns
launch_simulation: Time (s): cpu = 00:00:05 ; elapsed = 00:00:05 . Memory (MB): peak = 1007.812 ; gain = 0.000
close_sim
INFO: [Simtcl 6-16] Simulation closed
set_property top tb_d_latch [get_filesets sim_1]
set_property top_lib xil_defaultlib [get_filesets sim_1]
update_compile_order -fileset sim_1
launch_simulation
Command: launch_simulation 
INFO: [Vivado 12-5682] Launching behavioral simulation in 'C:/Documents/Adam-Hora/Digital-electronics-1/Labs/07-ffs/flip_flops/flip_flops.sim/sim_1/behav/xsim'
INFO: [SIM-utils-51] Simulation object is 'sim_1'
INFO: [SIM-utils-54] Inspecting design source files for 'tb_d_latch' in fileset 'sim_1'...
INFO: [USF-XSim-97] Finding global include files...
INFO: [USF-XSim-98] Fetching design files from 'sim_1'...
INFO: [USF-XSim-2] XSim::Compile design
INFO: [USF-XSim-61] Executing 'COMPILE and ANALYZE' step in 'C:/Documents/Adam-Hora/Digital-electronics-1/Labs/07-ffs/flip_flops/flip_flops.sim/sim_1/behav/xsim'
"xvhdl --incr --relax -prj tb_d_latch_vhdl.prj"
INFO: [VRFC 10-163] Analyzing VHDL file "C:/Documents/Adam-Hora/Digital-electronics-1/Labs/07-ffs/flip_flops/flip_flops.srcs/sources_1/new/d_latch.vhd" into library xil_defaultlib
INFO: [VRFC 10-3107] analyzing entity 'd_latch'
INFO: [VRFC 10-163] Analyzing VHDL file "C:/Documents/Adam-Hora/Digital-electronics-1/Labs/07-ffs/flip_flops/flip_flops.srcs/sim_1/new/tb_d_latch.vhd" into library xil_defaultlib
INFO: [VRFC 10-3107] analyzing entity 'tb_d_latch'
INFO: [USF-XSim-69] 'compile' step finished in '2' seconds
INFO: [USF-XSim-3] XSim::Elaborate design
INFO: [USF-XSim-61] Executing 'ELABORATE' step in 'C:/Documents/Adam-Hora/Digital-electronics-1/Labs/07-ffs/flip_flops/flip_flops.sim/sim_1/behav/xsim'
"xelab -wto bfde13878d56415f81802904be5958c9 --incr --debug typical --relax --mt 2 -L xil_defaultlib -L secureip --snapshot tb_d_latch_behav xil_defaultlib.tb_d_latch -log elaborate.log"
Vivado Simulator 2020.2
Copyright 1986-1999, 2001-2020 Xilinx, Inc. All Rights Reserved.
Running: C:/APPZ/Vivado/2020.2/bin/unwrapped/win64.o/xelab.exe -wto bfde13878d56415f81802904be5958c9 --incr --debug typical --relax --mt 2 -L xil_defaultlib -L secureip --snapshot tb_d_latch_behav xil_defaultlib.tb_d_latch -log elaborate.log 
Using 2 slave threads.
Starting static elaboration
Completed static elaboration
Starting simulation data flow analysis
Completed simulation data flow analysis
Time Resolution for simulation is 1ps
Compiling package std.standard
Compiling package std.textio
Compiling package ieee.std_logic_1164
Compiling architecture behavioral of entity xil_defaultlib.d_latch [d_latch_default]
Compiling architecture behavioral of entity xil_defaultlib.tb_d_latch
Built simulation snapshot tb_d_latch_behav
INFO: [USF-XSim-69] 'elaborate' step finished in '1' seconds
INFO: [USF-XSim-4] XSim::Simulate design
INFO: [USF-XSim-61] Executing 'SIMULATE' step in 'C:/Documents/Adam-Hora/Digital-electronics-1/Labs/07-ffs/flip_flops/flip_flops.sim/sim_1/behav/xsim'
INFO: [USF-XSim-98] *** Running xsim
   with args "tb_d_latch_behav -key {Behavioral:sim_1:Functional:tb_d_latch} -tclbatch {tb_d_latch.tcl} -log {simulate.log}"
INFO: [USF-XSim-8] Loading simulator feature
Vivado Simulator 2020.2
Time resolution is 1 ps
source tb_d_latch.tcl
# set curr_wave [current_wave_config]
# if { [string length $curr_wave] == 0 } {
#   if { [llength [get_objects]] > 0} {
#     add_wave /
#     set_property needs_save false [current_wave_config]
#   } else {
#      send_msg_id Add_Wave-1 WARNING "No top level signals found. Simulator will start without a wave window. If you want to open a wave window go to 'File->New Waveform Configuration' or type 'create_wave_config' in the TCL console."
#   }
# }
# run 300ns
Note: Stimulus process started
Time: 0 ps  Iteration: 0  Process: /tb_d_latch/p_stimulus  File: C:/Documents/Adam-Hora/Digital-electronics-1/Labs/07-ffs/flip_flops/flip_flops.srcs/sim_1/new/tb_d_latch.vhd
Note: Stimulus process finished
Time: 280 ns  Iteration: 0  Process: /tb_d_latch/p_stimulus  File: C:/Documents/Adam-Hora/Digital-electronics-1/Labs/07-ffs/flip_flops/flip_flops.srcs/sim_1/new/tb_d_latch.vhd
INFO: [USF-XSim-96] XSim completed. Design snapshot 'tb_d_latch_behav' loaded.
INFO: [USF-XSim-97] XSim simulation ran for 300ns
launch_simulation: Time (s): cpu = 00:00:03 ; elapsed = 00:00:05 . Memory (MB): peak = 1007.812 ; gain = 0.000
close_sim
INFO: [Simtcl 6-16] Simulation closed
set_property top tb_ff_arst [get_filesets sim_1]
set_property top_lib xil_defaultlib [get_filesets sim_1]
update_compile_order -fileset sim_1
set_property top d_ff_arst [current_fileset]
update_compile_order -fileset sources_1
launch_simulation
Command: launch_simulation 
INFO: [Vivado 12-5682] Launching behavioral simulation in 'C:/Documents/Adam-Hora/Digital-electronics-1/Labs/07-ffs/flip_flops/flip_flops.sim/sim_1/behav/xsim'
INFO: [SIM-utils-51] Simulation object is 'sim_1'
INFO: [SIM-utils-54] Inspecting design source files for 'tb_ff_arst' in fileset 'sim_1'...
INFO: [USF-XSim-97] Finding global include files...
INFO: [USF-XSim-98] Fetching design files from 'sim_1'...
INFO: [USF-XSim-2] XSim::Compile design
INFO: [USF-XSim-61] Executing 'COMPILE and ANALYZE' step in 'C:/Documents/Adam-Hora/Digital-electronics-1/Labs/07-ffs/flip_flops/flip_flops.sim/sim_1/behav/xsim'
"xvhdl --incr --relax -prj tb_ff_arst_vhdl.prj"
INFO: [VRFC 10-163] Analyzing VHDL file "C:/Documents/Adam-Hora/Digital-electronics-1/Labs/07-ffs/flip_flops/flip_flops.srcs/sources_1/new/d_ff_arst.vhd" into library xil_defaultlib
INFO: [VRFC 10-3107] analyzing entity 'd_ff_arst'
INFO: [VRFC 10-163] Analyzing VHDL file "C:/Documents/Adam-Hora/Digital-electronics-1/Labs/07-ffs/flip_flops/flip_flops.srcs/sim_1/new/tb_ff_arst.vhd" into library xil_defaultlib
INFO: [VRFC 10-3107] analyzing entity 'tb_ff_arst'
INFO: [USF-XSim-69] 'compile' step finished in '1' seconds
INFO: [USF-XSim-3] XSim::Elaborate design
INFO: [USF-XSim-61] Executing 'ELABORATE' step in 'C:/Documents/Adam-Hora/Digital-electronics-1/Labs/07-ffs/flip_flops/flip_flops.sim/sim_1/behav/xsim'
"xelab -wto bfde13878d56415f81802904be5958c9 --incr --debug typical --relax --mt 2 -L xil_defaultlib -L secureip --snapshot tb_ff_arst_behav xil_defaultlib.tb_ff_arst -log elaborate.log"
Vivado Simulator 2020.2
Copyright 1986-1999, 2001-2020 Xilinx, Inc. All Rights Reserved.
Running: C:/APPZ/Vivado/2020.2/bin/unwrapped/win64.o/xelab.exe -wto bfde13878d56415f81802904be5958c9 --incr --debug typical --relax --mt 2 -L xil_defaultlib -L secureip --snapshot tb_ff_arst_behav xil_defaultlib.tb_ff_arst -log elaborate.log 
Using 2 slave threads.
Starting static elaboration
Completed static elaboration
Starting simulation data flow analysis
Completed simulation data flow analysis
Time Resolution for simulation is 1ps
Compiling package std.standard
Compiling package std.textio
Compiling package ieee.std_logic_1164
Compiling architecture behavioral of entity xil_defaultlib.d_ff_arst [d_ff_arst_default]
Compiling architecture behavioral of entity xil_defaultlib.tb_ff_arst
Built simulation snapshot tb_ff_arst_behav
INFO: [USF-XSim-69] 'elaborate' step finished in '2' seconds
INFO: [USF-XSim-4] XSim::Simulate design
INFO: [USF-XSim-61] Executing 'SIMULATE' step in 'C:/Documents/Adam-Hora/Digital-electronics-1/Labs/07-ffs/flip_flops/flip_flops.sim/sim_1/behav/xsim'
INFO: [USF-XSim-98] *** Running xsim
   with args "tb_ff_arst_behav -key {Behavioral:sim_1:Functional:tb_ff_arst} -tclbatch {tb_ff_arst.tcl} -log {simulate.log}"
INFO: [USF-XSim-8] Loading simulator feature
Vivado Simulator 2020.2
Time resolution is 1 ps
source tb_ff_arst.tcl
# set curr_wave [current_wave_config]
# if { [string length $curr_wave] == 0 } {
#   if { [llength [get_objects]] > 0} {
#     add_wave /
#     set_property needs_save false [current_wave_config]
#   } else {
#      send_msg_id Add_Wave-1 WARNING "No top level signals found. Simulator will start without a wave window. If you want to open a wave window go to 'File->New Waveform Configuration' or type 'create_wave_config' in the TCL console."
#   }
# }
# run 300ns
Note: Stimulus process started
Time: 0 ps  Iteration: 0  Process: /tb_ff_arst/p_stimulus  File: C:/Documents/Adam-Hora/Digital-electronics-1/Labs/07-ffs/flip_flops/flip_flops.srcs/sim_1/new/tb_ff_arst.vhd
Note: Stimulus process finished
Time: 140 ns  Iteration: 0  Process: /tb_ff_arst/p_stimulus  File: C:/Documents/Adam-Hora/Digital-electronics-1/Labs/07-ffs/flip_flops/flip_flops.srcs/sim_1/new/tb_ff_arst.vhd
INFO: [USF-XSim-96] XSim completed. Design snapshot 'tb_ff_arst_behav' loaded.
INFO: [USF-XSim-97] XSim simulation ran for 300ns
launch_simulation: Time (s): cpu = 00:00:04 ; elapsed = 00:00:05 . Memory (MB): peak = 1007.812 ; gain = 0.000
close_sim
INFO: [Simtcl 6-16] Simulation closed
set_property top d_ff_rst [current_fileset]
update_compile_order -fileset sources_1
set_property top tb_ff_rst [get_filesets sim_1]
set_property top_lib xil_defaultlib [get_filesets sim_1]
update_compile_order -fileset sim_1
launch_simulation
Command: launch_simulation 
INFO: [Vivado 12-5682] Launching behavioral simulation in 'C:/Documents/Adam-Hora/Digital-electronics-1/Labs/07-ffs/flip_flops/flip_flops.sim/sim_1/behav/xsim'
INFO: [SIM-utils-51] Simulation object is 'sim_1'
INFO: [SIM-utils-54] Inspecting design source files for 'tb_ff_rst' in fileset 'sim_1'...
INFO: [USF-XSim-97] Finding global include files...
INFO: [USF-XSim-98] Fetching design files from 'sim_1'...
INFO: [USF-XSim-2] XSim::Compile design
INFO: [USF-XSim-61] Executing 'COMPILE and ANALYZE' step in 'C:/Documents/Adam-Hora/Digital-electronics-1/Labs/07-ffs/flip_flops/flip_flops.sim/sim_1/behav/xsim'
"xvhdl --incr --relax -prj tb_ff_rst_vhdl.prj"
INFO: [VRFC 10-163] Analyzing VHDL file "C:/Documents/Adam-Hora/Digital-electronics-1/Labs/07-ffs/flip_flops/flip_flops.srcs/sources_1/new/d_ff_rst.vhd" into library xil_defaultlib
INFO: [VRFC 10-3107] analyzing entity 'd_ff_rst'
INFO: [VRFC 10-163] Analyzing VHDL file "C:/Documents/Adam-Hora/Digital-electronics-1/Labs/07-ffs/flip_flops/flip_flops.srcs/sim_1/new/tb_ff_rst.vhd" into library xil_defaultlib
INFO: [VRFC 10-3107] analyzing entity 'tb_ff_rst'
INFO: [USF-XSim-69] 'compile' step finished in '1' seconds
INFO: [USF-XSim-3] XSim::Elaborate design
INFO: [USF-XSim-61] Executing 'ELABORATE' step in 'C:/Documents/Adam-Hora/Digital-electronics-1/Labs/07-ffs/flip_flops/flip_flops.sim/sim_1/behav/xsim'
"xelab -wto bfde13878d56415f81802904be5958c9 --incr --debug typical --relax --mt 2 -L xil_defaultlib -L secureip --snapshot tb_ff_rst_behav xil_defaultlib.tb_ff_rst -log elaborate.log"
Vivado Simulator 2020.2
Copyright 1986-1999, 2001-2020 Xilinx, Inc. All Rights Reserved.
Running: C:/APPZ/Vivado/2020.2/bin/unwrapped/win64.o/xelab.exe -wto bfde13878d56415f81802904be5958c9 --incr --debug typical --relax --mt 2 -L xil_defaultlib -L secureip --snapshot tb_ff_rst_behav xil_defaultlib.tb_ff_rst -log elaborate.log 
Using 2 slave threads.
Starting static elaboration
Completed static elaboration
Starting simulation data flow analysis
Completed simulation data flow analysis
Time Resolution for simulation is 1ps
Compiling package std.standard
Compiling package std.textio
Compiling package ieee.std_logic_1164
Compiling architecture behavioral of entity xil_defaultlib.d_ff_rst [d_ff_rst_default]
Compiling architecture behavioral of entity xil_defaultlib.tb_ff_rst
Built simulation snapshot tb_ff_rst_behav
INFO: [USF-XSim-69] 'elaborate' step finished in '2' seconds
INFO: [USF-XSim-4] XSim::Simulate design
INFO: [USF-XSim-61] Executing 'SIMULATE' step in 'C:/Documents/Adam-Hora/Digital-electronics-1/Labs/07-ffs/flip_flops/flip_flops.sim/sim_1/behav/xsim'
INFO: [USF-XSim-98] *** Running xsim
   with args "tb_ff_rst_behav -key {Behavioral:sim_1:Functional:tb_ff_rst} -tclbatch {tb_ff_rst.tcl} -log {simulate.log}"
INFO: [USF-XSim-8] Loading simulator feature
Vivado Simulator 2020.2
Time resolution is 1 ps
source tb_ff_rst.tcl
# set curr_wave [current_wave_config]
# if { [string length $curr_wave] == 0 } {
#   if { [llength [get_objects]] > 0} {
#     add_wave /
#     set_property needs_save false [current_wave_config]
#   } else {
#      send_msg_id Add_Wave-1 WARNING "No top level signals found. Simulator will start without a wave window. If you want to open a wave window go to 'File->New Waveform Configuration' or type 'create_wave_config' in the TCL console."
#   }
# }
# run 300ns
Note: Stimulus process started
Time: 0 ps  Iteration: 0  Process: /tb_ff_rst/p_stimulus  File: C:/Documents/Adam-Hora/Digital-electronics-1/Labs/07-ffs/flip_flops/flip_flops.srcs/sim_1/new/tb_ff_rst.vhd
Note: Stimulus process finished
Time: 140 ns  Iteration: 0  Process: /tb_ff_rst/p_stimulus  File: C:/Documents/Adam-Hora/Digital-electronics-1/Labs/07-ffs/flip_flops/flip_flops.srcs/sim_1/new/tb_ff_rst.vhd
INFO: [USF-XSim-96] XSim completed. Design snapshot 'tb_ff_rst_behav' loaded.
INFO: [USF-XSim-97] XSim simulation ran for 300ns
launch_simulation: Time (s): cpu = 00:00:03 ; elapsed = 00:00:05 . Memory (MB): peak = 1007.812 ; gain = 0.000
close_sim
INFO: [Simtcl 6-16] Simulation closed
set_property top t_ff_rst [current_fileset]
update_compile_order -fileset sources_1
set_property top tb_t_ff_rst [get_filesets sim_1]
set_property top_lib xil_defaultlib [get_filesets sim_1]
update_compile_order -fileset sim_1
launch_simulation
Command: launch_simulation 
INFO: [Vivado 12-5682] Launching behavioral simulation in 'C:/Documents/Adam-Hora/Digital-electronics-1/Labs/07-ffs/flip_flops/flip_flops.sim/sim_1/behav/xsim'
INFO: [SIM-utils-51] Simulation object is 'sim_1'
INFO: [SIM-utils-54] Inspecting design source files for 'tb_t_ff_rst' in fileset 'sim_1'...
INFO: [USF-XSim-97] Finding global include files...
INFO: [USF-XSim-98] Fetching design files from 'sim_1'...
INFO: [USF-XSim-2] XSim::Compile design
INFO: [USF-XSim-61] Executing 'COMPILE and ANALYZE' step in 'C:/Documents/Adam-Hora/Digital-electronics-1/Labs/07-ffs/flip_flops/flip_flops.sim/sim_1/behav/xsim'
"xvhdl --incr --relax -prj tb_t_ff_rst_vhdl.prj"
INFO: [VRFC 10-163] Analyzing VHDL file "C:/Documents/Adam-Hora/Digital-electronics-1/Labs/07-ffs/flip_flops/flip_flops.srcs/sources_1/new/t_ff_rst.vhd" into library xil_defaultlib
INFO: [VRFC 10-3107] analyzing entity 't_ff_rst'
INFO: [VRFC 10-163] Analyzing VHDL file "C:/Documents/Adam-Hora/Digital-electronics-1/Labs/07-ffs/flip_flops/flip_flops.srcs/sim_1/new/tb_t_ff_rst.vhd" into library xil_defaultlib
INFO: [VRFC 10-3107] analyzing entity 'tb_t_ff_rst'
INFO: [USF-XSim-69] 'compile' step finished in '1' seconds
INFO: [USF-XSim-3] XSim::Elaborate design
INFO: [USF-XSim-61] Executing 'ELABORATE' step in 'C:/Documents/Adam-Hora/Digital-electronics-1/Labs/07-ffs/flip_flops/flip_flops.sim/sim_1/behav/xsim'
"xelab -wto bfde13878d56415f81802904be5958c9 --incr --debug typical --relax --mt 2 -L xil_defaultlib -L secureip --snapshot tb_t_ff_rst_behav xil_defaultlib.tb_t_ff_rst -log elaborate.log"
Vivado Simulator 2020.2
Copyright 1986-1999, 2001-2020 Xilinx, Inc. All Rights Reserved.
Running: C:/APPZ/Vivado/2020.2/bin/unwrapped/win64.o/xelab.exe -wto bfde13878d56415f81802904be5958c9 --incr --debug typical --relax --mt 2 -L xil_defaultlib -L secureip --snapshot tb_t_ff_rst_behav xil_defaultlib.tb_t_ff_rst -log elaborate.log 
Using 2 slave threads.
Starting static elaboration
Completed static elaboration
Starting simulation data flow analysis
Completed simulation data flow analysis
Time Resolution for simulation is 1ps
Compiling package std.standard
Compiling package std.textio
Compiling package ieee.std_logic_1164
Compiling architecture behavioral of entity xil_defaultlib.t_ff_rst [t_ff_rst_default]
Compiling architecture behavioral of entity xil_defaultlib.tb_t_ff_rst
Built simulation snapshot tb_t_ff_rst_behav
INFO: [USF-XSim-69] 'elaborate' step finished in '2' seconds
INFO: [USF-XSim-4] XSim::Simulate design
INFO: [USF-XSim-61] Executing 'SIMULATE' step in 'C:/Documents/Adam-Hora/Digital-electronics-1/Labs/07-ffs/flip_flops/flip_flops.sim/sim_1/behav/xsim'
INFO: [USF-XSim-98] *** Running xsim
   with args "tb_t_ff_rst_behav -key {Behavioral:sim_1:Functional:tb_t_ff_rst} -tclbatch {tb_t_ff_rst.tcl} -log {simulate.log}"
INFO: [USF-XSim-8] Loading simulator feature
Vivado Simulator 2020.2
Time resolution is 1 ps
source tb_t_ff_rst.tcl
# set curr_wave [current_wave_config]
# if { [string length $curr_wave] == 0 } {
#   if { [llength [get_objects]] > 0} {
#     add_wave /
#     set_property needs_save false [current_wave_config]
#   } else {
#      send_msg_id Add_Wave-1 WARNING "No top level signals found. Simulator will start without a wave window. If you want to open a wave window go to 'File->New Waveform Configuration' or type 'create_wave_config' in the TCL console."
#   }
# }
# run 300ns
Note: Stimulus process started
Time: 0 ps  Iteration: 0  Process: /tb_t_ff_rst/p_stimulus  File: C:/Documents/Adam-Hora/Digital-electronics-1/Labs/07-ffs/flip_flops/flip_flops.srcs/sim_1/new/tb_t_ff_rst.vhd
Note: Stimulus process finished
Time: 135 ns  Iteration: 0  Process: /tb_t_ff_rst/p_stimulus  File: C:/Documents/Adam-Hora/Digital-electronics-1/Labs/07-ffs/flip_flops/flip_flops.srcs/sim_1/new/tb_t_ff_rst.vhd
INFO: [USF-XSim-96] XSim completed. Design snapshot 'tb_t_ff_rst_behav' loaded.
INFO: [USF-XSim-97] XSim simulation ran for 300ns
launch_simulation: Time (s): cpu = 00:00:03 ; elapsed = 00:00:05 . Memory (MB): peak = 1007.812 ; gain = 0.000
close_sim
INFO: [Simtcl 6-16] Simulation closed
set_property top jk_ff_rst [current_fileset]
update_compile_order -fileset sources_1
set_property top tb_jk_ff_rst [get_filesets sim_1]
set_property top_lib xil_defaultlib [get_filesets sim_1]
update_compile_order -fileset sim_1
launch_simulation
Command: launch_simulation 
INFO: [Vivado 12-5682] Launching behavioral simulation in 'C:/Documents/Adam-Hora/Digital-electronics-1/Labs/07-ffs/flip_flops/flip_flops.sim/sim_1/behav/xsim'
INFO: [SIM-utils-51] Simulation object is 'sim_1'
INFO: [SIM-utils-54] Inspecting design source files for 'tb_jk_ff_rst' in fileset 'sim_1'...
INFO: [USF-XSim-97] Finding global include files...
INFO: [USF-XSim-98] Fetching design files from 'sim_1'...
INFO: [USF-XSim-2] XSim::Compile design
INFO: [USF-XSim-61] Executing 'COMPILE and ANALYZE' step in 'C:/Documents/Adam-Hora/Digital-electronics-1/Labs/07-ffs/flip_flops/flip_flops.sim/sim_1/behav/xsim'
"xvhdl --incr --relax -prj tb_jk_ff_rst_vhdl.prj"
INFO: [USF-XSim-69] 'compile' step finished in '1' seconds
INFO: [USF-XSim-3] XSim::Elaborate design
INFO: [USF-XSim-61] Executing 'ELABORATE' step in 'C:/Documents/Adam-Hora/Digital-electronics-1/Labs/07-ffs/flip_flops/flip_flops.sim/sim_1/behav/xsim'
"xelab -wto bfde13878d56415f81802904be5958c9 --incr --debug typical --relax --mt 2 -L xil_defaultlib -L secureip --snapshot tb_jk_ff_rst_behav xil_defaultlib.tb_jk_ff_rst -log elaborate.log"
Vivado Simulator 2020.2
Copyright 1986-1999, 2001-2020 Xilinx, Inc. All Rights Reserved.
Running: C:/APPZ/Vivado/2020.2/bin/unwrapped/win64.o/xelab.exe -wto bfde13878d56415f81802904be5958c9 --incr --debug typical --relax --mt 2 -L xil_defaultlib -L secureip --snapshot tb_jk_ff_rst_behav xil_defaultlib.tb_jk_ff_rst -log elaborate.log 
Using 2 slave threads.
Starting static elaboration
Completed static elaboration
INFO: [XSIM 43-4323] No Change in HDL. Linking previously generated obj files to create kernel
INFO: [USF-XSim-69] 'elaborate' step finished in '1' seconds
INFO: [USF-XSim-4] XSim::Simulate design
INFO: [USF-XSim-61] Executing 'SIMULATE' step in 'C:/Documents/Adam-Hora/Digital-electronics-1/Labs/07-ffs/flip_flops/flip_flops.sim/sim_1/behav/xsim'
INFO: [USF-XSim-98] *** Running xsim
   with args "tb_jk_ff_rst_behav -key {Behavioral:sim_1:Functional:tb_jk_ff_rst} -tclbatch {tb_jk_ff_rst.tcl} -log {simulate.log}"
INFO: [USF-XSim-8] Loading simulator feature
Vivado Simulator 2020.2
Time resolution is 1 ps
source tb_jk_ff_rst.tcl
# set curr_wave [current_wave_config]
# if { [string length $curr_wave] == 0 } {
#   if { [llength [get_objects]] > 0} {
#     add_wave /
#     set_property needs_save false [current_wave_config]
#   } else {
#      send_msg_id Add_Wave-1 WARNING "No top level signals found. Simulator will start without a wave window. If you want to open a wave window go to 'File->New Waveform Configuration' or type 'create_wave_config' in the TCL console."
#   }
# }
# run 300ns
Note: Stimulus process started
Time: 0 ps  Iteration: 0  Process: /tb_jk_ff_rst/p_stimulus  File: C:/Documents/Adam-Hora/Digital-electronics-1/Labs/07-ffs/flip_flops/flip_flops.srcs/sim_1/new/tb_jk_ff_rst.vhd
Note: Stimulus process finished
Time: 170 ns  Iteration: 0  Process: /tb_jk_ff_rst/p_stimulus  File: C:/Documents/Adam-Hora/Digital-electronics-1/Labs/07-ffs/flip_flops/flip_flops.srcs/sim_1/new/tb_jk_ff_rst.vhd
INFO: [USF-XSim-96] XSim completed. Design snapshot 'tb_jk_ff_rst_behav' loaded.
INFO: [USF-XSim-97] XSim simulation ran for 300ns
close_sim
INFO: [Simtcl 6-16] Simulation closed
exit
INFO: [Common 17-206] Exiting Vivado at Tue Mar 30 19:17:32 2021...
