#-----------------------------------------------------------
# Vivado v2020.2 (64-bit)
# SW Build 3064766 on Wed Nov 18 09:12:45 MST 2020
# IP Build 3064653 on Wed Nov 18 14:17:31 MST 2020
# Start of session at: Sat Apr 10 20:35:01 2021
# Process ID: 2000
# Current directory: C:/Documents/Adam-Hora/Digital-electronics-1/Labs/08-traffic_lights/traffic
# Command line: vivado.exe -gui_launcher_event rodinguilauncherevent6572 C:\Documents\Adam-Hora\Digital-electronics-1\Labs\08-traffic_lights\traffic\traffic.xpr
# Log file: C:/Documents/Adam-Hora/Digital-electronics-1/Labs/08-traffic_lights/traffic/vivado.log
# Journal file: C:/Documents/Adam-Hora/Digital-electronics-1/Labs/08-traffic_lights/traffic\vivado.jou
#-----------------------------------------------------------
start_gui
open_project C:/Documents/Adam-Hora/Digital-electronics-1/Labs/08-traffic_lights/traffic/traffic.xpr
WARNING: [filemgmt 56-3] Default IP Output Path : Could not find the directory 'C:/Documents/Adam-Hora/Digital-electronics-1/Labs/08-traffic_lights/traffic/traffic.gen/sources_1'.
Scanning sources...
Finished scanning sources
INFO: [IP_Flow 19-234] Refreshing IP repositories
INFO: [IP_Flow 19-1704] No user IP repositories specified
INFO: [IP_Flow 19-2313] Loaded Vivado IP repository 'C:/APPZ/Vivado/2020.2/data/ip'.
update_compile_order -fileset sources_1
close [ open C:/Documents/Adam-Hora/Digital-electronics-1/Labs/08-traffic_lights/traffic/traffic.srcs/sources_1/new/test.vhd w ]
add_files C:/Documents/Adam-Hora/Digital-electronics-1/Labs/08-traffic_lights/traffic/traffic.srcs/sources_1/new/test.vhd
update_compile_order -fileset sources_1
export_ip_user_files -of_objects  [get_files C:/Documents/Adam-Hora/Digital-electronics-1/Labs/08-traffic_lights/traffic/traffic.srcs/sources_1/new/test.vhd] -no_script -reset -force -quiet
remove_files  C:/Documents/Adam-Hora/Digital-electronics-1/Labs/08-traffic_lights/traffic/traffic.srcs/sources_1/new/test.vhd
remove_files  C:/Documents/Adam-Hora/Digital-electronics-1/Labs/08-traffic_lights/traffic/traffic.srcs/sources_1/new/test.vhd
WARNING: [Vivado 12-818] No files matched 'C:/Documents/Adam-Hora/Digital-electronics-1/Labs/08-traffic_lights/traffic/traffic.srcs/sources_1/new/test.vhd'
file delete -force C:/Documents/Adam-Hora/Digital-electronics-1/Labs/08-traffic_lights/traffic/traffic.srcs/sources_1/new/test.vhd
exit
INFO: [Common 17-206] Exiting Vivado at Sat Apr 10 20:37:39 2021...
